Performing C SOURCE FILE Test CMAKE_HAVE_LIBC_PTHREAD failed with the following output:
Change Dir: /home/niklas/repos/anydsl/rodent/build/CMakeFiles/CMakeTmp

Run Build Command(s):/usr/bin/ninja cmTC_de7d6 && [1/2] Building C object CMakeFiles/cmTC_de7d6.dir/src.c.o
[2/2] Linking C executable cmTC_de7d6
FAILED: cmTC_de7d6 
: && /usr/bin/clang-11  -rdynamic CMakeFiles/cmTC_de7d6.dir/src.c.o -o cmTC_de7d6   && :
/usr/bin/ld: CMakeFiles/cmTC_de7d6.dir/src.c.o: in function `main':
src.c:(.text+0x22): undefined reference to `pthread_create'
/usr/bin/ld: src.c:(.text+0x2b): undefined reference to `pthread_detach'
/usr/bin/ld: src.c:(.text+0x34): undefined reference to `pthread_cancel'
/usr/bin/ld: src.c:(.text+0x41): undefined reference to `pthread_join'
clang-12: error: linker command failed with exit code 1 (use -v to see invocation)
ninja: build stopped: subcommand failed.


Source file was:
#include <pthread.h>

static void* test_func(void* data)
{
  return data;
}

int main(void)
{
  pthread_t thread;
  pthread_create(&thread, NULL, test_func, NULL);
  pthread_detach(thread);
  pthread_cancel(thread);
  pthread_join(thread, NULL);
  pthread_atfork(NULL, NULL, NULL);
  pthread_exit(NULL);

  return 0;
}

Determining if the function pthread_create exists in the pthreads failed with the following output:
Change Dir: /home/niklas/repos/anydsl/rodent/build/CMakeFiles/CMakeTmp

Run Build Command(s):/usr/bin/ninja cmTC_ba2c3 && [1/2] Building C object CMakeFiles/cmTC_ba2c3.dir/CheckFunctionExists.c.o
[2/2] Linking C executable cmTC_ba2c3
FAILED: cmTC_ba2c3 
: && /usr/bin/clang-11 -DCHECK_FUNCTION_EXISTS=pthread_create -rdynamic CMakeFiles/cmTC_ba2c3.dir/CheckFunctionExists.c.o -o cmTC_ba2c3  -lpthreads && :
/usr/bin/ld: cannot find -lpthreads
clang-12: error: linker command failed with exit code 1 (use -v to see invocation)
ninja: build stopped: subcommand failed.



